<?xml version="1.0" encoding="UTF-8"?>
<testsuite xmlns:xsi="http://www.w3.org/2001/XMLSchema-instance" xsi:noNamespaceSchemaLocation="https://maven.apache.org/surefire/maven-surefire-plugin/xsd/surefire-test-report.xsd" name="testing.CalculatorTest" time="1.171" tests="11" errors="0" skipped="0" failures="0">
  <properties>
[...]
</properties>
  <testcase name="longcalcul_shouldComputeInLessThan1Second" classname="testing.CalculatorTest" time="0.571"/>
  <testcase name="testAddTwoPositiveNumbers" classname="testing.CalculatorTest" time="0.247"/>
  <testcase name="testMultiplyTwoNumbers" classname="testing.CalculatorTest" time="0.005"/>
  <testcase name="add_shouldReturnTheSum_ofMultipleIntegers{int, int, int}[1]" classname="testing.CalculatorTest" time="0.069"/>
  <testcase name="add_shouldReturnTheSum_ofMultipleIntegers{int, int, int}[2]" classname="testing.CalculatorTest" time="0.003"/>
  <testcase name="add_shouldReturnTheSum_ofMultipleIntegers{int, int, int}[3]" classname="testing.CalculatorTest" time="0.002"/>
  <testcase name="multiply_shouldReturnZero_ofZeroWithMultipleIntegers{int}[1]" classname="testing.CalculatorTest" time="0.001"/>
  <testcase name="multiply_shouldReturnZero_ofZeroWithMultipleIntegers{int}[2]" classname="testing.CalculatorTest" time="0.004"/>
  <testcase name="multiply_shouldReturnZero_ofZeroWithMultipleIntegers{int}[3]" classname="testing.CalculatorTest" time="0.004"/>
  <testcase name="multiply_shouldReturnZero_ofZeroWithMultipleIntegers{int}[4]" classname="testing.CalculatorTest" time="0.002"/>
  <testcase name="multiply_shouldReturnZero_ofZeroWithMultipleIntegers{int}[5]" classname="testing.CalculatorTest" time="0.002"/>
</testsuite>